<?xml version="1.0" encoding="UTF-8"?>
<testsuite xmlns:xsi="http://www.w3.org/2001/XMLSchema-instance" xsi:noNamespaceSchemaLocation="https://maven.apache.org/surefire/maven-surefire-plugin/xsd/surefire-test-report.xsd" version="3.0.2" name="uk.ac.ed.acp.cw2.data.ErrorHandlerRegionTest" time="0.063" tests="11" errors="0" skipped="0" failures="0">
  <properties>
[...]
</properties>
  <testcase name="regionNonClosedPolygonTest" classname="uk.ac.ed.acp.cw2.data.ErrorHandlerRegionTest" time="0.004">
    <system-out><![CDATA[2025-12-01T03:52:08.728Z ERROR 6884 --- [IlpTutorial_1] [           main] test                                     : Region vertices has less than 4 positions
]]></system-out>
  </testcase>
  <testcase name="regionInsufficientVerticesTest(int)[1]" classname="uk.ac.ed.acp.cw2.data.ErrorHandlerRegionTest" time="0.002">
    <system-out><![CDATA[2025-12-01T03:52:08.733Z ERROR 6884 --- [IlpTutorial_1] [           main] test                                     : Region vertices has less than 4 positions
]]></system-out>
  </testcase>
  <testcase name="regionInsufficientVerticesTest(int)[2]" classname="uk.ac.ed.acp.cw2.data.ErrorHandlerRegionTest" time="0.002">
    <system-out><![CDATA[2025-12-01T03:52:08.738Z ERROR 6884 --- [IlpTutorial_1] [           main] test                                     : Region vertices has less than 4 positions
]]></system-out>
  </testcase>
  <testcase name="regionInsufficientVerticesTest(int)[3]" classname="uk.ac.ed.acp.cw2.data.ErrorHandlerRegionTest" time="0.002">
    <system-out><![CDATA[2025-12-01T03:52:08.740Z ERROR 6884 --- [IlpTutorial_1] [           main] test                                     : Region vertices has less than 4 positions
]]></system-out>
  </testcase>
  <testcase name="regionInvalidVerticesTest(Boolean)[1]" classname="uk.ac.ed.acp.cw2.data.ErrorHandlerRegionTest" time="0.003">
    <system-out><![CDATA[2025-12-01T03:52:08.745Z ERROR 6884 --- [IlpTutorial_1] [           main] test                                     : Region vertices null
]]></system-out>
  </testcase>
  <testcase name="regionInvalidVerticesTest(Boolean)[2]" classname="uk.ac.ed.acp.cw2.data.ErrorHandlerRegionTest" time="0.012">
    <system-out><![CDATA[2025-12-01T03:52:08.749Z ERROR 6884 --- [IlpTutorial_1] [           main] test                                     : Region vertices has less than 4 positions
]]></system-out>
  </testcase>
  <testcase name="regionValidTest" classname="uk.ac.ed.acp.cw2.data.ErrorHandlerRegionTest" time="0.003"/>
  <testcase name="regionNullTest(Boolean)[1]" classname="uk.ac.ed.acp.cw2.data.ErrorHandlerRegionTest" time="0.002">
    <system-out><![CDATA[2025-12-01T03:52:08.772Z ERROR 6884 --- [IlpTutorial_1] [           main] test                                     : Region itself null
]]></system-out>
  </testcase>
  <testcase name="regionNullTest(Boolean)[2]" classname="uk.ac.ed.acp.cw2.data.ErrorHandlerRegionTest" time="0.001">
    <system-out><![CDATA[2025-12-01T03:52:08.776Z ERROR 6884 --- [IlpTutorial_1] [           main] test                                     : Region name null or blank
]]></system-out>
  </testcase>
  <testcase name="regionInvalidNameTest(Boolean)[1]" classname="uk.ac.ed.acp.cw2.data.ErrorHandlerRegionTest" time="0.002">
    <system-out><![CDATA[2025-12-01T03:52:08.781Z ERROR 6884 --- [IlpTutorial_1] [           main] test                                     : Region name null or blank
]]></system-out>
  </testcase>
  <testcase name="regionInvalidNameTest(Boolean)[2]" classname="uk.ac.ed.acp.cw2.data.ErrorHandlerRegionTest" time="0.002">
    <system-out><![CDATA[2025-12-01T03:52:08.784Z ERROR 6884 --- [IlpTutorial_1] [           main] test                                     : Region name null or blank
]]></system-out>
  </testcase>
</testsuite>